0 info it worked if it ends with ok
1 verbose cli [ '/Users/shancarter/homebrew/Cellar/node/7.2.1/bin/node',
1 verbose cli   '/Users/shancarter/homebrew/bin/npm',
1 verbose cli   'run',
1 verbose cli   'serve' ]
2 info using npm@3.10.9
3 info using node@v7.2.1
4 verbose run-script [ 'preserve', 'serve', 'postserve' ]
5 info lifecycle @~preserve: @
6 silly lifecycle @~preserve: no script for preserve, continuing
7 info lifecycle @~serve: @
8 verbose lifecycle @~serve: unsafe-perm in lifecycle true
9 verbose lifecycle @~serve: PATH: /Users/shancarter/homebrew/lib/node_modules/npm/bin/node-gyp-bin:/Users/shancarter/posts/momentum/node_modules/.bin:/Users/shancarter/homebrew/Cellar/node/7.2.1/bin:/Users/shancarter/homebrew/bin:/Users/shancarter/bin:/usr/local/bin:/usr/bin:/Users/shancarter/homebrew/bin:/usr/local/git/current/bin:/usr/local/bin:/usr/bin:/bin:/usr/local/sbin:/usr/sbin:/sbin:/Users/shancarter/bin/rg
10 verbose lifecycle @~serve: CWD: /Users/shancarter/posts/momentum
11 silly lifecycle @~serve: Args: [ '-c', 'python -m SimpleHTTPServer' ]
12 silly lifecycle @~serve: Returned: code: 1  signal: null
13 info lifecycle @~serve: Failed to exec serve script
14 verbose stack Error: @ serve: `python -m SimpleHTTPServer`
14 verbose stack Exit status 1
14 verbose stack     at EventEmitter.<anonymous> (/Users/shancarter/homebrew/lib/node_modules/npm/lib/utils/lifecycle.js:255:16)
14 verbose stack     at emitTwo (events.js:106:13)
14 verbose stack     at EventEmitter.emit (events.js:191:7)
14 verbose stack     at ChildProcess.<anonymous> (/Users/shancarter/homebrew/lib/node_modules/npm/lib/utils/spawn.js:40:14)
14 verbose stack     at emitTwo (events.js:106:13)
14 verbose stack     at ChildProcess.emit (events.js:191:7)
14 verbose stack     at maybeClose (internal/child_process.js:885:16)
14 verbose stack     at Process.ChildProcess._handle.onexit (internal/child_process.js:226:5)
15 verbose pkgid @
16 verbose cwd /Users/shancarter/posts/momentum
17 error Darwin 16.4.0
18 error argv "/Users/shancarter/homebrew/Cellar/node/7.2.1/bin/node" "/Users/shancarter/homebrew/bin/npm" "run" "serve"
19 error node v7.2.1
20 error npm  v3.10.9
21 error code ELIFECYCLE
22 error @ serve: `python -m SimpleHTTPServer`
22 error Exit status 1
23 error Failed at the @ serve script 'python -m SimpleHTTPServer'.
23 error Make sure you have the latest version of node.js and npm installed.
23 error If you do, this is most likely a problem with the  package,
23 error not with npm itself.
23 error Tell the author that this fails on your system:
23 error     python -m SimpleHTTPServer
23 error You can get information on how to open an issue for this project with:
23 error     npm bugs
23 error Or if that isn't available, you can get their info via:
23 error     npm owner ls
23 error There is likely additional logging output above.
24 verbose exit [ 1, true ]
